<?xml version="1.0" encoding="UTF-8"?><testrun name="LoginTest" project="seleniumJava" tests="3" started="3" failures="0" errors="1" ignored="0">
  <testsuite name="seleniumJava.LoginTest" time="61.583" displayname="LoginTest" uniqueid="[engine:junit-jupiter]/[class:seleniumJava.LoginTest]">
    <testcase name="testProfileNameValidation" classname="seleniumJava.LoginTest" time="35.345" displayname="testProfileNameValidation()" uniqueid="[engine:junit-jupiter]/[class:seleniumJava.LoginTest]/[method:testProfileNameValidation()]">
      <error>org.openqa.selenium.TimeoutException: Expected condition failed: waiting for element to be clickable: By.cssSelector: h1[data-test-id='account-greeting'] (tried for 30 second(s) with 500 milliseconds interval)&#13;
	at org.openqa.selenium.support.ui.WebDriverWait.timeoutException(WebDriverWait.java:84)&#13;
	at org.openqa.selenium.support.ui.FluentWait.until(FluentWait.java:228)&#13;
	at seleniumJava.LoginTest.testProfileNameValidation(LoginTest.java:41)&#13;
	at java.base/java.lang.reflect.Method.invoke(Method.java:580)&#13;
	at java.base/java.util.ArrayList.forEach(ArrayList.java:1597)&#13;
	at java.base/java.util.ArrayList.forEach(ArrayList.java:1597)&#13;
Caused by: org.openqa.selenium.NoSuchWindowException: no such window: target window already closed
from unknown error: web view not found
  (Session info: chrome=131.0.6778.140)
Build info: version: '4.27.0', revision: 'd6e718d134'
System info: os.name: 'Windows 11', os.arch: 'amd64', os.version: '10.0', java.version: '23.0.1'
Driver info: org.openqa.selenium.chrome.ChromeDriver
Command: [2063e651014314abb643cb71eb7d74fa, findElement {using=css selector, value=h1[data-test-id='account-greeting']}]
Capabilities {acceptInsecureCerts: false, browserName: chrome, browserVersion: 131.0.6778.140, chrome: {chromedriverVersion: 131.0.6778.87 (ce31cae94873..., userDataDir: C:\Users\Sahim\AppData\Loca...}, fedcm:accounts: true, goog:chromeOptions: {debuggerAddress: localhost:57312}, networkConnectionEnabled: false, pageLoadStrategy: normal, platformName: windows, proxy: Proxy(), se:cdp: ws://localhost:57312/devtoo..., se:cdpVersion: 131.0.6778.140, setWindowRect: true, strictFileInteractability: false, timeouts: {implicit: 0, pageLoad: 300000, script: 30000}, unhandledPromptBehavior: dismiss and notify, webauthn:extension:credBlob: true, webauthn:extension:largeBlob: true, webauthn:extension:minPinLength: true, webauthn:extension:prf: true, webauthn:virtualAuthenticators: true}
Session ID: 2063e651014314abb643cb71eb7d74fa&#13;
	at java.base/jdk.internal.reflect.DirectConstructorHandleAccessor.newInstance(DirectConstructorHandleAccessor.java:62)&#13;
	at java.base/java.lang.reflect.Constructor.newInstanceWithCaller(Constructor.java:501)&#13;
	at java.base/java.lang.reflect.Constructor.newInstance(Constructor.java:485)&#13;
	at org.openqa.selenium.remote.ErrorCodec.decode(ErrorCodec.java:167)&#13;
	at org.openqa.selenium.remote.codec.w3c.W3CHttpResponseCodec.decode(W3CHttpResponseCodec.java:138)&#13;
	at org.openqa.selenium.remote.codec.w3c.W3CHttpResponseCodec.decode(W3CHttpResponseCodec.java:50)&#13;
	at org.openqa.selenium.remote.HttpCommandExecutor.execute(HttpCommandExecutor.java:190)&#13;
	at org.openqa.selenium.remote.service.DriverCommandExecutor.invokeExecute(DriverCommandExecutor.java:216)&#13;
	at org.openqa.selenium.remote.service.DriverCommandExecutor.execute(DriverCommandExecutor.java:174)&#13;
	at org.openqa.selenium.remote.RemoteWebDriver.execute(RemoteWebDriver.java:545)&#13;
	at org.openqa.selenium.remote.ElementLocation$ElementFinder$2.findElement(ElementLocation.java:165)&#13;
	at org.openqa.selenium.remote.ElementLocation.findElement(ElementLocation.java:59)&#13;
	at org.openqa.selenium.remote.RemoteWebDriver.findElement(RemoteWebDriver.java:368)&#13;
	at org.openqa.selenium.remote.RemoteWebDriver.findElement(RemoteWebDriver.java:362)&#13;
	at org.openqa.selenium.support.ui.ExpectedConditions$7.apply(ExpectedConditions.java:194)&#13;
	at org.openqa.selenium.support.ui.ExpectedConditions$7.apply(ExpectedConditions.java:190)&#13;
	at org.openqa.selenium.support.ui.ExpectedConditions$22.apply(ExpectedConditions.java:627)&#13;
	at org.openqa.selenium.support.ui.ExpectedConditions$22.apply(ExpectedConditions.java:624)&#13;
	at org.openqa.selenium.support.ui.FluentWait.until(FluentWait.java:203)&#13;
	... 4 more&#13;
&#13;
</error>
    </testcase>
    <testcase name="testTimeSpecificBehavior" classname="seleniumJava.LoginTest" time="13.885" displayname="testTimeSpecificBehavior()" uniqueid="[engine:junit-jupiter]/[class:seleniumJava.LoginTest]/[method:testTimeSpecificBehavior()]"/>
    <testcase name="testLoginFunctionality" classname="seleniumJava.LoginTest" time="12.351" displayname="testLoginFunctionality()" uniqueid="[engine:junit-jupiter]/[class:seleniumJava.LoginTest]/[method:testLoginFunctionality()]"/>
  </testsuite>
</testrun>
