<?xml version="1.0" encoding="UTF-8"?><testrun name="LoginTest" project="seleniumJava" tests="3" started="3" failures="0" errors="1" ignored="0">
  <testsuite name="seleniumJava.LoginTest" time="42.417" displayname="LoginTest" uniqueid="[engine:junit-jupiter]/[class:seleniumJava.LoginTest]">
    <testcase name="testProfileNameValidation" classname="seleniumJava.LoginTest" time="14.193" displayname="testProfileNameValidation()" uniqueid="[engine:junit-jupiter]/[class:seleniumJava.LoginTest]/[method:testProfileNameValidation()]"/>
    <testcase name="testTimeSpecificBehavior" classname="seleniumJava.LoginTest" time="15.629" displayname="testTimeSpecificBehavior()" uniqueid="[engine:junit-jupiter]/[class:seleniumJava.LoginTest]/[method:testTimeSpecificBehavior()]">
      <error>org.openqa.selenium.NoSuchElementException: no such element: Unable to locate element: {"method":"css selector","selector":"#email"}
  (Session info: chrome=131.0.6778.140)
For documentation on this error, please visit: https://www.selenium.dev/documentation/webdriver/troubleshooting/errors#no-such-element-exception
Build info: version: '4.27.0', revision: 'd6e718d134'
System info: os.name: 'Windows 11', os.arch: 'amd64', os.version: '10.0', java.version: '23.0.1'
Driver info: org.openqa.selenium.chrome.ChromeDriver
Command: [329a81ad90775ac28ea1ae00e7bea620, findElement {value=email, using=id}]
Capabilities {acceptInsecureCerts: false, browserName: chrome, browserVersion: 131.0.6778.140, chrome: {chromedriverVersion: 131.0.6778.87 (ce31cae94873..., userDataDir: C:\Users\Sahim\AppData\Loca...}, fedcm:accounts: true, goog:chromeOptions: {debuggerAddress: localhost:59215}, networkConnectionEnabled: false, pageLoadStrategy: normal, platformName: windows, proxy: Proxy(), se:cdp: ws://localhost:59215/devtoo..., se:cdpVersion: 131.0.6778.140, setWindowRect: true, strictFileInteractability: false, timeouts: {implicit: 0, pageLoad: 300000, script: 30000}, unhandledPromptBehavior: dismiss and notify, webauthn:extension:credBlob: true, webauthn:extension:largeBlob: true, webauthn:extension:minPinLength: true, webauthn:extension:prf: true, webauthn:virtualAuthenticators: true}
Session ID: 329a81ad90775ac28ea1ae00e7bea620&#13;
	at java.base/jdk.internal.reflect.DirectConstructorHandleAccessor.newInstance(DirectConstructorHandleAccessor.java:62)&#13;
	at java.base/java.lang.reflect.Constructor.newInstanceWithCaller(Constructor.java:501)&#13;
	at java.base/java.lang.reflect.Constructor.newInstance(Constructor.java:485)&#13;
	at org.openqa.selenium.remote.ErrorCodec.decode(ErrorCodec.java:167)&#13;
	at org.openqa.selenium.remote.codec.w3c.W3CHttpResponseCodec.decode(W3CHttpResponseCodec.java:138)&#13;
	at org.openqa.selenium.remote.codec.w3c.W3CHttpResponseCodec.decode(W3CHttpResponseCodec.java:50)&#13;
	at org.openqa.selenium.remote.HttpCommandExecutor.execute(HttpCommandExecutor.java:190)&#13;
	at org.openqa.selenium.remote.service.DriverCommandExecutor.invokeExecute(DriverCommandExecutor.java:216)&#13;
	at org.openqa.selenium.remote.service.DriverCommandExecutor.execute(DriverCommandExecutor.java:174)&#13;
	at org.openqa.selenium.remote.RemoteWebDriver.execute(RemoteWebDriver.java:545)&#13;
	at org.openqa.selenium.remote.ElementLocation$ElementFinder$2.findElement(ElementLocation.java:165)&#13;
	at org.openqa.selenium.remote.ElementLocation.findElement(ElementLocation.java:59)&#13;
	at org.openqa.selenium.remote.RemoteWebDriver.findElement(RemoteWebDriver.java:368)&#13;
	at org.openqa.selenium.remote.RemoteWebDriver.findElement(RemoteWebDriver.java:362)&#13;
	at seleniumJava.LoginTest.testLoginFunctionality(LoginTest.java:28)&#13;
	at seleniumJava.LoginTest.testProfileNameValidation(LoginTest.java:38)&#13;
	at seleniumJava.LoginTest.testTimeSpecificBehavior(LoginTest.java:57)&#13;
	at java.base/java.lang.reflect.Method.invoke(Method.java:580)&#13;
	at java.base/java.util.ArrayList.forEach(ArrayList.java:1597)&#13;
	at java.base/java.util.ArrayList.forEach(ArrayList.java:1597)&#13;
&#13;
</error>
    </testcase>
    <testcase name="testLoginFunctionality" classname="seleniumJava.LoginTest" time="12.592" displayname="testLoginFunctionality()" uniqueid="[engine:junit-jupiter]/[class:seleniumJava.LoginTest]/[method:testLoginFunctionality()]"/>
  </testsuite>
</testrun>
